#
# A fatal error has been detected by the Java Runtime Environment:
#
#  Internal Error (/home/ymiyazato/jdk/jdk11u/src/hotspot/share/gc/g1/g1HeapVerifier.cpp:512), pid=4849, tid=4856
#  assert(_hrm->is_free(hr)) failed: Heap region 4 is empty but not on the free list.
#
# JRE version: OpenJDK Runtime Environment (11.0.12) (slowdebug build 11.0.12-internal+0-adhoc.ymiyazato.jdk11u)
# Java VM: OpenJDK 64-Bit Server VM (slowdebug 11.0.12-internal+0-adhoc.ymiyazato.jdk11u, mixed mode, tiered, compressed oops, g1 gc, linux-amd64)
# No core dump will be written. Core dumps have been disabled. To enable core dumping, try "ulimit -c unlimited" before starting Java again
#
# If you would like to submit a bug report, please visit:
#   https://bugreport.java.com/bugreport/crash.jsp
#

---------------  S U M M A R Y ------------

Command Line: -Dapplication.home=/home/ymiyazato/jdk/jdk11u/build/linux-x86_64-normal-server-slowdebug/jdk --add-modules=ALL-DEFAULT -Xms8m -Djlink.debug=true -Djdk.module.main=jdk.jlink jdk.jlink/jdk.tools.jlink.internal.Main --module-path /home/ymiyazato/jdk/jdk11u/build/linux-x86_64-normal-server-slowdebug/support/interim-jmods --endian little --output /home/ymiyazato/jdk/jdk11u/build/linux-x86_64-normal-server-slowdebug/support/interim-image --disable-plugin generate-jli-classes --add-modules java.base,java.logging

Host: DESKTOP-MRTG1KP, AMD Ryzen 9 3950X 16-Core Processor, 32 cores, 24G, Ubuntu 20.04.2 LTS
Time: Thu Feb 10 01:16:53 2022 JST elapsed time: 0.486560 seconds (0d 0h 0m 0s)

---------------  T H R E A D  ---------------

Current thread (0x00007faf08246000):  VMThread "VM Thread" [stack: 0x00007faee410e000,0x00007faee420e000] [id=4856]

Stack: [0x00007faee410e000,0x00007faee420e000],  sp=0x00007faee420bd50,  free space=1015k
Native frames: (J=compiled Java code, A=aot compiled Java code, j=interpreted, Vv=VM code, C=native code)
V  [libjvm.so+0x13538c1]  VMError::report_and_die(int, char const*, char const*, __va_list_tag*, Thread*, unsigned char*, void*, void*, char const*, int, unsigned long)+0x7ed
V  [libjvm.so+0x135306d]  VMError::report_and_die(Thread*, void*, char const*, int, char const*, char const*, __va_list_tag*)+0x5b
V  [libjvm.so+0x91f732]  report_vm_error(char const*, int, char const*, char const*, ...)+0x14a
V  [libjvm.so+0xad802f]  VerifyRegionListsClosure::do_heap_region(HeapRegion*)+0x177
V  [libjvm.so+0xba2ef2]  HeapRegionManager::iterate(HeapRegionClosure*) const+0xd8
V  [libjvm.so+0xa78d76]  G1CollectedHeap::heap_region_iterate(HeapRegionClosure*) const+0x2e
V  [libjvm.so+0xad5d6f]  G1HeapVerifier::verify_region_sets()+0x211
V  [libjvm.so+0xa82340]  G1HeapVerifier::verify_region_sets_optional()+0x1c
V  [libjvm.so+0xa7ae57]  G1CollectedHeap::do_collection_pause_at_safepoint(double)+0x301
V  [libjvm.so+0x139ef0c]  VM_G1CollectForAllocation::doit()+0x1ec
V  [libjvm.so+0x13567be]  VM_Operation::evaluate()+0xe2
V  [libjvm.so+0x139c588]  VMThread::evaluate_operation(VM_Operation*)+0x66
V  [libjvm.so+0x139cc23]  VMThread::loop()+0x519
V  [libjvm.so+0x139c0f1]  VMThread::run()+0x113
V  [libjvm.so+0x12bc14b]  Thread::call_run()+0xcd
V  [libjvm.so+0x10b8b61]  thread_native_entry(Thread*)+0x1f7

VM_Operation (0x00007faf0e41f5d0): G1CollectForAllocation, mode: safepoint, requested by thread 0x00007faf08031800


---------------  P R O C E S S  ---------------

uid  : 0 euid : 0 gid  : 0 egid : 0

umask: 0022 (----w--w-)

Threads class SMR info:
_java_thread_list=0x00007faea404bc30, length=11, elements={
0x00007faf08031800, 0x00007faf0825c800, 0x00007faf0825f000, 0x00007faf08284800,
0x00007faf08287000, 0x00007faf08289800, 0x00007faf0828c000, 0x00007faf0828e800,
0x00007faf082c4800, 0x00007faeb80b7000, 0x00007faea404a000
}
_java_thread_list_alloc_cnt=12, _java_thread_list_free_cnt=11, _java_thread_list_max=11, _nested_thread_list_max=0
_tlh_cnt=31, _tlh_times=0, avg_tlh_time=0.00, _tlh_time_max=0
_delete_lock_wait_cnt=0, _delete_lock_wait_max=0
_to_delete_list_cnt=0, _to_delete_list_max=1

Java Threads: ( => current thread )
  0x00007faf08031800 JavaThread "main" [_thread_blocked, id=4850, stack(0x00007faf0e323000,0x00007faf0e424000)]
  0x00007faf0825c800 JavaThread "Reference Handler" daemon [_thread_blocked, id=4857, stack(0x00007faee400b000,0x00007faee410c000)]
  0x00007faf0825f000 JavaThread "Finalizer" daemon [_thread_blocked, id=4858, stack(0x00007faeddeff000,0x00007faede000000)]
  0x00007faf08284800 JavaThread "Signal Dispatcher" daemon [_thread_blocked, id=4859, stack(0x00007faedd973000,0x00007faedda74000)]
  0x00007faf08287000 JavaThread "Service Thread" daemon [_thread_blocked, id=4860, stack(0x00007faedd872000,0x00007faedd973000)]
  0x00007faf08289800 JavaThread "C2 CompilerThread0" daemon [_thread_blocked, id=4861, stack(0x00007faedd771000,0x00007faedd872000)]
  0x00007faf0828c000 JavaThread "C1 CompilerThread0" daemon [_thread_blocked, id=4862, stack(0x00007faedd670000,0x00007faedd771000)]
  0x00007faf0828e800 JavaThread "Sweeper thread" daemon [_thread_blocked, id=4863, stack(0x00007faedd56f000,0x00007faedd670000)]
  0x00007faf082c4800 JavaThread "Common-Cleaner" daemon [_thread_blocked, id=4864, stack(0x00007faedd41d000,0x00007faedd51e000)]
  0x00007faeb80b7000 JavaThread "C1 CompilerThread1" daemon [_thread_blocked, id=4865, stack(0x00007faedd31c000,0x00007faedd41d000)]
  0x00007faea404a000 JavaThread "C1 CompilerThread2" daemon [_thread_blocked, id=4866, stack(0x00007faedd21b000,0x00007faedd31c000)]

Other Threads:
=>0x00007faf08246000 VMThread "VM Thread" [stack: 0x00007faee410e000,0x00007faee420e000] [id=4856]
  0x00007faf08051800 GCTaskThread "GC Thread#0" [stack: 0x00007faf0df96000,0x00007faf0e096000] [id=4851]
  0x00007faf080b6000 ConcurrentGCThread "G1 Main Marker" [stack: 0x00007faf0c355000,0x00007faf0c455000] [id=4852]
  0x00007faf080b8800 ConcurrentGCThread "G1 Conc#0" [stack: 0x00007faf0c253000,0x00007faf0c353000] [id=4853]
  0x00007faf08125800 ConcurrentGCThread "G1 Refine#0" [stack: 0x00007faee4bee000,0x00007faee4cee000] [id=4854]
  0x00007faf08127800 ConcurrentGCThread "G1 Young RemSet Sampling" [stack: 0x00007faee4aec000,0x00007faee4bec000] [id=4855]

Threads with active compile tasks:
C1 CompilerThread0    515  107       3       java.lang.Character::codePointAt (51 bytes)
C1 CompilerThread1    515  111       3       java.lang.Character::isJavaIdentifierPart (9 bytes)
C1 CompilerThread2    515  112       3       java.lang.CharacterDataLatin1::isJavaIdentifierPart (20 bytes)

VM state:at safepoint (normal execution)

VM Mutex/Monitor currently owned by a thread:  ([mutex/lock_event])
[0x00007faf0802d8d0] Threads_lock - owner thread: 0x00007faf08246000
[0x00007faf0802e430] Heap_lock - owner thread: 0x00007faf08031800

Heap address: 0x0000000670000000, size: 6400 MB, Compressed Oops mode: Zero based, Oop shift amount: 3
Narrow klass base: 0x0000000800000000, Narrow klass shift: 0
Compressed class space size: 1073741824 Address: 0x0000000800000000

Heap:
 garbage-first heap   total 8192K, used 1024K [0x0000000670000000, 0x0000000800000000)
  region size 1024K, 1 young (1024K), 0 survivors (0K)
 Metaspace       used 5458K, capacity 5513K, committed 5760K, reserved 1056768K
  class space    used 485K, capacity 522K, committed 640K, reserved 1048576K
Heap Regions: E=young(eden), S=young(survivor), O=old, HS=humongous(starts), HC=humongous(continues), CS=collection set, F=free, A=archive, TAMS=top-at-mark-start (previous, next)
|   0|0x0000000670000000, 0x0000000670000000, 0x0000000670100000|  0%| F|  |TAMS 0x0000000670000000, 0x0000000670000000| Untracked 
|   1|0x0000000670100000, 0x0000000670100000, 0x0000000670200000|  0%| F|  |TAMS 0x0000000670100000, 0x0000000670100000| Untracked 
|   2|0x0000000670200000, 0x0000000670200000, 0x0000000670300000|  0%| F|  |TAMS 0x0000000670200000, 0x0000000670200000| Untracked 
|   3|0x0000000670300000, 0x0000000670400000, 0x0000000670400000|100%| E|CS|TAMS 0x0000000670300000, 0x0000000670300000| Complete 
|   4|0x0000000670400000, 0x0000000670400000, 0x0000000670500000|  0%| F|  |TAMS 0x0000000670400000, 0x0000000670400000| Untracked 
|   5|0x0000000670500000, 0x0000000670500000, 0x0000000670600000|  0%| F|  |TAMS 0x0000000670500000, 0x0000000670500000| Untracked 
|   6|0x0000000670600000, 0x0000000670600000, 0x0000000670700000|  0%| F|  |TAMS 0x0000000670600000, 0x0000000670600000| Untracked 
|   7|0x0000000670700000, 0x0000000670700000, 0x0000000670800000|  0%| F|  |TAMS 0x0000000670700000, 0x0000000670700000| Untracked 

Card table byte_map: [0x00007faef3380000,0x00007faef4000000] _byte_map_base: 0x00007faef0000000

Marking Bits (Prev, Next): (CMBitMap*) 0x00007faf0809c160, (CMBitMap*) 0x00007faf0809c198
 Prev Bits: [0x00007faeec300000, 0x00007faef2700000)
 Next Bits: [0x00007faee5f00000, 0x00007faeec300000)

Polling page: 0x00007faf107e3000

Metaspace:

Usage:
  Non-class:      4.87 MB capacity,     4.86 MB (>99%) used,    14.52 KB ( <1%) free+waste,     4.06 KB ( <1%) overhead. 
      Class:    522.00 KB capacity,   485.84 KB ( 93%) used,    33.54 KB (  6%) free+waste,     2.62 KB ( <1%) overhead. 
       Both:      5.38 MB capacity,     5.33 MB (>99%) used,    48.06 KB ( <1%) free+waste,     6.69 KB ( <1%) overhead. 

Virtual space:
  Non-class space:        8.00 MB reserved,       5.00 MB ( 62%) committed 
      Class space:        1.00 GB reserved,     640.00 KB ( <1%) committed 
             Both:        1.01 GB reserved,       5.62 MB ( <1%) committed 

Chunk freelists:
   Non-Class:  25.00 KB
       Class:  22.00 KB
        Both:  47.00 KB

MaxMetaspaceSize: unlimited
CompressedClassSpaceSize: 1.00 GB
Initial GC threshold: 20.80 MB
Current GC threshold: 20.80 MB
CDS: off

CodeHeap 'non-profiled nmethods': size=118884Kb used=32Kb max_used=32Kb free=118851Kb
 bounds [0x00007faf00be7000, 0x00007faf00e57000, 0x00007faf08000000]
CodeHeap 'profiled nmethods': size=118884Kb used=179Kb max_used=179Kb free=118704Kb
 bounds [0x00007faef97ce000, 0x00007faef9a3e000, 0x00007faf00be7000]
CodeHeap 'non-nmethods': size=7992Kb used=2866Kb max_used=2866Kb free=5125Kb
 bounds [0x00007faef9000000, 0x00007faef92d0000, 0x00007faef97ce000]
 total_blobs=970 nmethods=108 adapters=782
 compilation: enabled
              stopped_count=0, restarted_count=0
 full_count=0

Compilation events (20 events):
Event: 0.477 Thread 0x00007faf0828c000  103   !   3       sun.nio.fs.UnixPath::initOffsets (189 bytes)
Event: 0.478 Thread 0x00007faeb80b7000 nmethod 98 0x00007faef97f4610 code [0x00007faef97f4880, 0x00007faef97f4dd8]
Event: 0.478 Thread 0x00007faeb80b7000  102       3       sun.nio.fs.UnixPath::<init> (15 bytes)
Event: 0.478 Thread 0x00007faeb80b7000 nmethod 102 0x00007faef97f5110 code [0x00007faef97f5340, 0x00007faef97f5618]
Event: 0.479 Thread 0x00007faeb80b7000  104       3       sun.nio.fs.UnixPath::getName (106 bytes)
Event: 0.482 Thread 0x00007faeb80b7000 nmethod 104 0x00007faef97f5710 code [0x00007faef97f5ae0, 0x00007faef97f6558]
Event: 0.482 Thread 0x00007faeb80b7000  110       3       sun.nio.fs.UnixPath::compareTo (92 bytes)
Event: 0.482 Thread 0x00007faea404a000  105       3       java.lang.Character::charCount (12 bytes)
Event: 0.483 Thread 0x00007faea404a000 nmethod 105 0x00007faef97f6b10 code [0x00007faef97f6cc0, 0x00007faef97f6e18]
Event: 0.483 Thread 0x00007faea404a000  106       3       java.lang.CharacterData::of (120 bytes)
Event: 0.484 Thread 0x00007faf0828c000 nmethod 103 0x00007faef97f6f10 code [0x00007faef97f7240, 0x00007faef97f7e18]
Event: 0.484 Thread 0x00007faf0828c000  107       3       java.lang.Character::codePointAt (51 bytes)
Event: 0.484 Thread 0x00007faeb80b7000 nmethod 110 0x00007faef97f8510 code [0x00007faef97f87c0, 0x00007faef97f8e58]
Event: 0.484 Thread 0x00007faeb80b7000  108       3       java.lang.Character::isHighSurrogate (18 bytes)
Event: 0.485 Thread 0x00007faea404a000 nmethod 106 0x00007faef97f9210 code [0x00007faef97f9500, 0x00007faef97f9d98]
Event: 0.485 Thread 0x00007faea404a000  109       3       java.lang.CharacterDataLatin1::getProperties (11 bytes)
Event: 0.485 Thread 0x00007faeb80b7000 nmethod 108 0x00007faef97fa110 code [0x00007faef97fa2c0, 0x00007faef97fa458]
Event: 0.485 Thread 0x00007faeb80b7000  111       3       java.lang.Character::isJavaIdentifierPart (9 bytes)
Event: 0.486 Thread 0x00007faea404a000 nmethod 109 0x00007faef97fa590 code [0x00007faef97fa780, 0x00007faef97fa918]
Event: 0.486 Thread 0x00007faea404a000  112       3       java.lang.CharacterDataLatin1::isJavaIdentifierPart (20 bytes)

GC Heap History (1 events):
Event: 0.486 GC heap before
{Heap before GC invocations=0 (full 0):
 garbage-first heap   total 8192K, used 1024K [0x0000000670000000, 0x0000000800000000)
  region size 1024K, 1 young (1024K), 0 survivors (0K)
 Metaspace       used 5458K, capacity 5513K, committed 5760K, reserved 1056768K
  class space    used 485K, capacity 522K, committed 640K, reserved 1048576K
}

Deoptimization events (0 events):
No events

Classes redefined (0 events):
No events

Internal exceptions (15 events):
Event: 0.310 Thread 0x00007faf08031800 Exception <a 'java/lang/NoSuchMethodError'{0x0000000670344ed8}: 'java.lang.Object java.lang.invoke.DirectMethodHandle$Holder.invokeStatic(java.lang.Object, java.lang.Object, java.lang.Object)'> (0x0000000670344ed8) thrown at [/home/ymiyazato/jdk/jdk11u/src/hotspot/share/interpreter/linkResolver.cpp, line 772]
Event: 0.315 Thread 0x00007faf08031800 Exception <a 'java/lang/NoSuchMethodError'{0x000000067034d550}: 'java.lang.Object java.lang.invoke.Invokers$Holder.invokeExact_MT(java.lang.Object, java.lang.Object, java.lang.Object, java.lang.Object, java.lang.Object, java.lang.Object, java.lang.Object, java.lang.Object)'> (0x000000067034d550) thrown at [/home/ymiyazato/jdk/jdk11u/src/hotspot/share/interpreter/linkResolver.cpp, line 772]
Event: 0.328 Thread 0x00007faf08031800 Exception <a 'java/lang/NoSuchMethodError'{0x0000000670359df0}: 'java.lang.Object java.lang.invoke.Invokers$Holder.linkToTargetMethod(java.lang.Object, java.lang.Object, java.lang.Object)'> (0x0000000670359df0) thrown at [/home/ymiyazato/jdk/jdk11u/src/hotspot/share/interpreter/linkResolver.cpp, line 772]
Event: 0.363 Thread 0x00007faf08031800 Exception <a 'java/lang/NoSuchMethodError'{0x000000067036d2d8}: 'java.lang.Object java.lang.invoke.DirectMethodHandle$Holder.invokeSpecial(java.lang.Object, java.lang.Object, java.lang.Object)'> (0x000000067036d2d8) thrown at [/home/ymiyazato/jdk/jdk11u/src/hotspot/share/interpreter/linkResolver.cpp, line 772]
Event: 0.382 Thread 0x00007faf08031800 Exception <a 'java/lang/NoSuchMethodError'{0x000000067037f900}: 'java.lang.Object java.lang.invoke.DirectMethodHandle$Holder.invokeStatic(java.lang.Object, java.lang.Object)'> (0x000000067037f900) thrown at [/home/ymiyazato/jdk/jdk11u/src/hotspot/share/interpreter/linkResolver.cpp, line 772]
Event: 0.383 Thread 0x00007faf08031800 Exception <a 'java/lang/NoSuchMethodError'{0x0000000670382b08}: 'java.lang.Object java.lang.invoke.Invokers$Holder.linkToTargetMethod(java.lang.Object, java.lang.Object)'> (0x0000000670382b08) thrown at [/home/ymiyazato/jdk/jdk11u/src/hotspot/share/interpreter/linkResolver.cpp, line 772]
Event: 0.406 Thread 0x00007faf08031800 Exception <a 'java/lang/NoSuchMethodError'{0x000000067038dbc0}: 'void java.lang.invoke.DirectMethodHandle$Holder.invokeVirtual(java.lang.Object, java.lang.Object)'> (0x000000067038dbc0) thrown at [/home/ymiyazato/jdk/jdk11u/src/hotspot/share/interpreter/linkResolver.cpp, line 772]
Event: 0.435 Thread 0x00007faf08031800 Exception <a 'java/lang/NoSuchMethodError'{0x00000006703a1348}: 'java.lang.Object java.lang.invoke.DirectMethodHandle$Holder.invokeStatic(java.lang.Object, java.lang.Object, java.lang.Object, java.lang.Object)'> (0x00000006703a1348) thrown at [/home/ymiyazato/jdk/jdk11u/src/hotspot/share/interpreter/linkResolver.cpp, line 772]
Event: 0.437 Thread 0x00007faf08031800 Exception <a 'java/lang/NoSuchMethodError'{0x00000006703a52b0}: 'java.lang.Object java.lang.invoke.DirectMethodHandle$Holder.getObject(java.lang.Object, java.lang.Object)'> (0x00000006703a52b0) thrown at [/home/ymiyazato/jdk/jdk11u/src/hotspot/share/interpreter/linkResolver.cpp, line 772]
Event: 0.439 Thread 0x00007faf08031800 Exception <a 'java/lang/NoSuchMethodError'{0x00000006703a8ec8}: 'java.lang.Object java.lang.invoke.LambdaForm$Holder.identity_L(java.lang.Object, java.lang.Object)'> (0x00000006703a8ec8) thrown at [/home/ymiyazato/jdk/jdk11u/src/hotspot/share/interpreter/linkResolver.cpp, line 772]
Event: 0.440 Thread 0x00007faf08031800 Exception <a 'java/lang/NoSuchMethodError'{0x00000006703ab298}: 'java.lang.Object java.lang.invoke.LambdaForm$Holder.zero_L(java.lang.Object)'> (0x00000006703ab298) thrown at [/home/ymiyazato/jdk/jdk11u/src/hotspot/share/interpreter/linkResolver.cpp, line 772]
Event: 0.446 Thread 0x00007faf08031800 Exception <a 'java/lang/NoSuchMethodError'{0x00000006703b0258}: 'java.lang.Object java.lang.invoke.DirectMethodHandle$Holder.invokeSpecial(java.lang.Object, java.lang.Object)'> (0x00000006703b0258) thrown at [/home/ymiyazato/jdk/jdk11u/src/hotspot/share/interpreter/linkResolver.cpp, line 772]
Event: 0.447 Thread 0x00007faf08031800 Exception <a 'java/lang/NoSuchMethodError'{0x00000006703b3180}: 'java.lang.Object java.lang.invoke.Invokers$Holder.linkToTargetMethod(java.lang.Object)'> (0x00000006703b3180) thrown at [/home/ymiyazato/jdk/jdk11u/src/hotspot/share/interpreter/linkResolver.cpp, line 772]
Event: 0.459 Thread 0x00007faf08031800 Exception <a 'java/lang/NoSuchMethodError'{0x00000006703bff20}: 'java.lang.Object java.lang.invoke.DirectMethodHandle$Holder.newInvokeSpecial(java.lang.Object)'> (0x00000006703bff20) thrown at [/home/ymiyazato/jdk/jdk11u/src/hotspot/share/interpreter/linkResolver.cpp, line 772]
Event: 0.461 Thread 0x00007faf08031800 Exception <a 'java/lang/NoSuchMethodError'{0x00000006703c5358}: 'int java.lang.invoke.DirectMethodHandle$Holder.invokeInterface(java.lang.Object, java.lang.Object, java.lang.Object)'> (0x00000006703c5358) thrown at [/home/ymiyazato/jdk/jdk11u/src/hotspot/share/interpreter/linkResolver.cpp, line 772]

Events (20 events):
Event: 0.469 loading class java/util/stream/Sink$ChainedReference
Event: 0.470 loading class java/util/stream/Sink$ChainedReference done
Event: 0.470 loading class java/util/stream/ReferencePipeline$7$1 done
Event: 0.470 loading class java/util/stream/ReferencePipeline$3$1
Event: 0.470 loading class java/util/stream/ReferencePipeline$3$1 done
Event: 0.470 loading class java/util/stream/ReferencePipeline$2$1
Event: 0.471 loading class java/util/stream/ReferencePipeline$2$1 done
Event: 0.471 loading class sun/nio/fs/BasicFileAttributesHolder
Event: 0.471 loading class sun/nio/fs/BasicFileAttributesHolder done
Event: 0.473 loading class java/util/stream/Streams$StreamBuilderImpl
Event: 0.473 loading class java/util/stream/Stream$Builder
Event: 0.473 loading class java/util/stream/Stream$Builder done
Event: 0.473 loading class java/util/stream/Streams$AbstractStreamBuilderImpl
Event: 0.474 loading class java/util/stream/Streams$AbstractStreamBuilderImpl done
Event: 0.474 loading class java/util/stream/Streams$StreamBuilderImpl done
Event: 0.474 loading class java/util/stream/Streams
Event: 0.474 loading class java/util/stream/Streams done
Event: 0.482 Thread 0x00007faea404a000 Thread added: 0x00007faea404a000
Event: 0.482 Protecting memory [0x00007faedd21b000,0x00007faedd21f000] with protection modes 0
Event: 0.486 Executing VM operation: G1CollectForAllocation


Dynamic libraries:
670000000-670800000 rw-p 00000000 00:00 0 
670800000-800000000 ---p 00000000 00:00 0 
800000000-8000a0000 rw-p 00000000 00:00 0 
8000a0000-840000000 ---p 00000000 00:00 0 
55b2b00a5000-55b2b00a6000 r--p 00000000 08:10 191278                     /home/ymiyazato/jdk/jdk11u/build/linux-x86_64-normal-server-slowdebug/jdk/bin/jlink
55b2b00a6000-55b2b00a7000 r-xp 00001000 08:10 191278                     /home/ymiyazato/jdk/jdk11u/build/linux-x86_64-normal-server-slowdebug/jdk/bin/jlink
55b2b00a7000-55b2b00a8000 r--p 00002000 08:10 191278                     /home/ymiyazato/jdk/jdk11u/build/linux-x86_64-normal-server-slowdebug/jdk/bin/jlink
55b2b00a8000-55b2b00a9000 r--p 00002000 08:10 191278                     /home/ymiyazato/jdk/jdk11u/build/linux-x86_64-normal-server-slowdebug/jdk/bin/jlink
55b2b00a9000-55b2b00aa000 rw-p 00003000 08:10 191278                     /home/ymiyazato/jdk/jdk11u/build/linux-x86_64-normal-server-slowdebug/jdk/bin/jlink
55b2b0a86000-55b2b0aa7000 rw-p 00000000 00:00 0                          [heap]
7faea4000000-7faea404f000 rw-p 00000000 00:00 0 
7faea404f000-7faea8000000 ---p 00000000 00:00 0 
7faea8000000-7faea8021000 rw-p 00000000 00:00 0 
7faea8021000-7faeac000000 ---p 00000000 00:00 0 
7faeac000000-7faeac021000 rw-p 00000000 00:00 0 
7faeac021000-7faeb0000000 ---p 00000000 00:00 0 
7faeb0000000-7faeb0021000 rw-p 00000000 00:00 0 
7faeb0021000-7faeb4000000 ---p 00000000 00:00 0 
7faeb4000000-7faeb40bb000 rw-p 00000000 00:00 0 
7faeb40bb000-7faeb8000000 ---p 00000000 00:00 0 
7faeb8000000-7faeb80f3000 rw-p 00000000 00:00 0 
7faeb80f3000-7faebc000000 ---p 00000000 00:00 0 
7faebc000000-7faebc021000 rw-p 00000000 00:00 0 
7faebc021000-7faec0000000 ---p 00000000 00:00 0 
7faec0000000-7faec0021000 rw-p 00000000 00:00 0 
7faec0021000-7faec4000000 ---p 00000000 00:00 0 
7faec4000000-7faec4021000 rw-p 00000000 00:00 0 
7faec4021000-7faec8000000 ---p 00000000 00:00 0 
7faec8000000-7faec8021000 rw-p 00000000 00:00 0 
7faec8021000-7faecc000000 ---p 00000000 00:00 0 
7faecc000000-7faecc021000 rw-p 00000000 00:00 0 
7faecc021000-7faed0000000 ---p 00000000 00:00 0 
7faed0000000-7faed0021000 rw-p 00000000 00:00 0 
7faed0021000-7faed4000000 ---p 00000000 00:00 0 
7faed4000000-7faed4021000 rw-p 00000000 00:00 0 
7faed4021000-7faed8000000 ---p 00000000 00:00 0 
7faed8000000-7faed8021000 rw-p 00000000 00:00 0 
7faed8021000-7faedc000000 ---p 00000000 00:00 0 
7faedc37b000-7faedd21b000 rw-p 00000000 00:00 0 
7faedd21b000-7faedd21f000 ---p 00000000 00:00 0 
7faedd21f000-7faedd31c000 rw-p 00000000 00:00 0 
7faedd31c000-7faedd320000 ---p 00000000 00:00 0 
7faedd320000-7faedd41d000 rw-p 00000000 00:00 0 
7faedd41d000-7faedd421000 ---p 00000000 00:00 0 
7faedd421000-7faedd54f000 rw-p 00000000 00:00 0 
7faedd54f000-7faedd553000 r--p 00000000 08:10 190767                     /home/ymiyazato/jdk/jdk11u/build/linux-x86_64-normal-server-slowdebug/jdk/lib/libnet.so
7faedd553000-7faedd568000 r-xp 00004000 08:10 190767                     /home/ymiyazato/jdk/jdk11u/build/linux-x86_64-normal-server-slowdebug/jdk/lib/libnet.so
7faedd568000-7faedd56c000 r--p 00019000 08:10 190767                     /home/ymiyazato/jdk/jdk11u/build/linux-x86_64-normal-server-slowdebug/jdk/lib/libnet.so
7faedd56c000-7faedd56d000 ---p 0001d000 08:10 190767                     /home/ymiyazato/jdk/jdk11u/build/linux-x86_64-normal-server-slowdebug/jdk/lib/libnet.so
7faedd56d000-7faedd56e000 r--p 0001d000 08:10 190767                     /home/ymiyazato/jdk/jdk11u/build/linux-x86_64-normal-server-slowdebug/jdk/lib/libnet.so
7faedd56e000-7faedd56f000 rw-p 0001e000 08:10 190767                     /home/ymiyazato/jdk/jdk11u/build/linux-x86_64-normal-server-slowdebug/jdk/lib/libnet.so
7faedd56f000-7faedd573000 ---p 00000000 00:00 0 
7faedd573000-7faedd670000 rw-p 00000000 00:00 0 
7faedd670000-7faedd674000 ---p 00000000 00:00 0 
7faedd674000-7faedd771000 rw-p 00000000 00:00 0 
7faedd771000-7faedd775000 ---p 00000000 00:00 0 
7faedd775000-7faedd872000 rw-p 00000000 00:00 0 
7faedd872000-7faedd876000 ---p 00000000 00:00 0 
7faedd876000-7faedd973000 rw-p 00000000 00:00 0 
7faedd973000-7faedd977000 ---p 00000000 00:00 0 
7faedd977000-7faedda74000 rw-p 00000000 00:00 0 
7faedda74000-7faeddaa6000 r--p 00000000 08:10 3023                       /usr/lib/locale/C.UTF-8/LC_CTYPE
7faeddaa6000-7faeddc19000 r--p 00000000 08:10 3022                       /usr/lib/locale/C.UTF-8/LC_COLLATE
7faeddc19000-7faeddeff000 r--p 00000000 08:10 3034                       /usr/lib/locale/locale-archive
7faeddeff000-7faeddf03000 ---p 00000000 00:00 0 
7faeddf03000-7faee0000000 rw-p 00000000 00:00 0 
7faee0000000-7faee0021000 rw-p 00000000 00:00 0 
7faee0021000-7faee4000000 ---p 00000000 00:00 0 
7faee400b000-7faee400f000 ---p 00000000 00:00 0 
7faee400f000-7faee410c000 rw-p 00000000 00:00 0 
7faee410c000-7faee410d000 ---p 00000000 00:00 0 
7faee410d000-7faee47ea000 rw-p 00000000 00:00 0 
7faee47ea000-7faee4aea000 ---p 00000000 00:00 0 
7faee4aea000-7faee4aeb000 ---p 00000000 00:00 0 
7faee4aeb000-7faee4bec000 rw-p 00000000 00:00 0 
7faee4bec000-7faee4bed000 ---p 00000000 00:00 0 
7faee4bed000-7faee5f20000 rw-p 00000000 00:00 0 
7faee5f20000-7faeec300000 ---p 00000000 00:00 0 
7faeec300000-7faeec320000 rw-p 00000000 00:00 0 
7faeec320000-7faef2700000 ---p 00000000 00:00 0 
7faef2700000-7faef2704000 rw-p 00000000 00:00 0 
7faef2704000-7faef3380000 ---p 00000000 00:00 0 
7faef3380000-7faef3384000 rw-p 00000000 00:00 0 
7faef3384000-7faef4000000 ---p 00000000 00:00 0 
7faef4000000-7faef4021000 rw-p 00000000 00:00 0 
7faef4021000-7faef8000000 ---p 00000000 00:00 0 
7faef8018000-7faef801e000 r--p 00000000 08:10 190771                     /home/ymiyazato/jdk/jdk11u/build/linux-x86_64-normal-server-slowdebug/jdk/lib/libnio.so
7faef801e000-7faef8029000 r-xp 00006000 08:10 190771                     /home/ymiyazato/jdk/jdk11u/build/linux-x86_64-normal-server-slowdebug/jdk/lib/libnio.so
7faef8029000-7faef802c000 r--p 00011000 08:10 190771                     /home/ymiyazato/jdk/jdk11u/build/linux-x86_64-normal-server-slowdebug/jdk/lib/libnio.so
7faef802c000-7faef802d000 r--p 00013000 08:10 190771                     /home/ymiyazato/jdk/jdk11u/build/linux-x86_64-normal-server-slowdebug/jdk/lib/libnio.so
7faef802d000-7faef802e000 rw-p 00014000 08:10 190771                     /home/ymiyazato/jdk/jdk11u/build/linux-x86_64-normal-server-slowdebug/jdk/lib/libnio.so
7faef802e000-7faef8384000 rw-p 00000000 00:00 0 
7faef8384000-7faef9000000 ---p 00000000 00:00 0 
7faef9000000-7faef92d0000 rwxp 00000000 00:00 0 
7faef92d0000-7faef97ce000 ---p 00000000 00:00 0 
7faef97ce000-7faef9a3e000 rwxp 00000000 00:00 0 
7faef9a3e000-7faf00be7000 ---p 00000000 00:00 0 
7faf00be7000-7faf00e57000 rwxp 00000000 00:00 0 
7faf00e57000-7faf08000000 ---p 00000000 00:00 0 
7faf08000000-7faf083f6000 rw-p 00000000 00:00 0 
7faf083f6000-7faf0c000000 ---p 00000000 00:00 0 
7faf0c007000-7faf0c008000 r--p 00000000 08:10 3030                       /usr/lib/locale/C.UTF-8/LC_NUMERIC
7faf0c008000-7faf0c009000 r--p 00000000 08:10 3033                       /usr/lib/locale/C.UTF-8/LC_TIME
7faf0c009000-7faf0c00a000 r--p 00000000 08:10 3028                       /usr/lib/locale/C.UTF-8/LC_MONETARY
7faf0c00a000-7faf0c00b000 r--p 00000000 08:10 3027                       /usr/lib/locale/C.UTF-8/LC_MESSAGES/SYS_LC_MESSAGES
7faf0c00b000-7faf0c00c000 r--p 00000000 08:10 3031                       /usr/lib/locale/C.UTF-8/LC_PAPER
7faf0c00c000-7faf0c00d000 r--p 00000000 08:10 3029                       /usr/lib/locale/C.UTF-8/LC_NAME
7faf0c00d000-7faf0c251000 rw-p 00000000 00:00 0 
7faf0c251000-7faf0c252000 ---p 00000000 00:00 0 
7faf0c252000-7faf0c353000 rw-p 00000000 00:00 0 
7faf0c353000-7faf0c354000 ---p 00000000 00:00 0 
7faf0c354000-7faf0df94000 rw-p 00000000 00:00 0 
7faf0df94000-7faf0df95000 ---p 00000000 00:00 0 
7faf0df95000-7faf0e09b000 rw-p 00000000 00:00 0 
7faf0e09b000-7faf0e17f000 ---p 00000000 00:00 0 
7faf0e17f000-7faf0e184000 rw-p 00000000 00:00 0 
7faf0e184000-7faf0e268000 ---p 00000000 00:00 0 
7faf0e268000-7faf0e26e000 rw-p 00000000 00:00 0 
7faf0e26e000-7faf0e278000 ---p 00000000 00:00 0 
7faf0e278000-7faf0e27a000 r--p 00000000 08:10 190744                     /home/ymiyazato/jdk/jdk11u/build/linux-x86_64-normal-server-slowdebug/jdk/lib/libzip.so
7faf0e27a000-7faf0e281000 r-xp 00002000 08:10 190744                     /home/ymiyazato/jdk/jdk11u/build/linux-x86_64-normal-server-slowdebug/jdk/lib/libzip.so
7faf0e281000-7faf0e283000 r--p 00009000 08:10 190744                     /home/ymiyazato/jdk/jdk11u/build/linux-x86_64-normal-server-slowdebug/jdk/lib/libzip.so
7faf0e283000-7faf0e284000 r--p 0000a000 08:10 190744                     /home/ymiyazato/jdk/jdk11u/build/linux-x86_64-normal-server-slowdebug/jdk/lib/libzip.so
7faf0e284000-7faf0e285000 rw-p 0000b000 08:10 190744                     /home/ymiyazato/jdk/jdk11u/build/linux-x86_64-normal-server-slowdebug/jdk/lib/libzip.so
7faf0e285000-7faf0e288000 r--p 00000000 08:10 12258                      /usr/lib/x86_64-linux-gnu/libnss_files-2.31.so
7faf0e288000-7faf0e28f000 r-xp 00003000 08:10 12258                      /usr/lib/x86_64-linux-gnu/libnss_files-2.31.so
7faf0e28f000-7faf0e291000 r--p 0000a000 08:10 12258                      /usr/lib/x86_64-linux-gnu/libnss_files-2.31.so
7faf0e291000-7faf0e292000 r--p 0000b000 08:10 12258                      /usr/lib/x86_64-linux-gnu/libnss_files-2.31.so
7faf0e292000-7faf0e293000 rw-p 0000c000 08:10 12258                      /usr/lib/x86_64-linux-gnu/libnss_files-2.31.so
7faf0e293000-7faf0e299000 rw-p 00000000 00:00 0 
7faf0e299000-7faf0e29a000 r--p 00000000 08:10 3021                       /usr/lib/locale/C.UTF-8/LC_ADDRESS
7faf0e29a000-7faf0e29b000 r--p 00000000 08:10 3032                       /usr/lib/locale/C.UTF-8/LC_TELEPHONE
7faf0e29b000-7faf0e29c000 r--p 00000000 08:10 3025                       /usr/lib/locale/C.UTF-8/LC_MEASUREMENT
7faf0e29c000-7faf0e2a3000 r--s 00000000 08:10 11818                      /usr/lib/x86_64-linux-gnu/gconv/gconv-modules.cache
7faf0e2a3000-7faf0e2a7000 r--p 00000000 08:10 190762                     /home/ymiyazato/jdk/jdk11u/build/linux-x86_64-normal-server-slowdebug/jdk/lib/libjimage.so
7faf0e2a7000-7faf0e2be000 r-xp 00004000 08:10 190762                     /home/ymiyazato/jdk/jdk11u/build/linux-x86_64-normal-server-slowdebug/jdk/lib/libjimage.so
7faf0e2be000-7faf0e2c5000 r--p 0001b000 08:10 190762                     /home/ymiyazato/jdk/jdk11u/build/linux-x86_64-normal-server-slowdebug/jdk/lib/libjimage.so
7faf0e2c5000-7faf0e2c6000 ---p 00022000 08:10 190762                     /home/ymiyazato/jdk/jdk11u/build/linux-x86_64-normal-server-slowdebug/jdk/lib/libjimage.so
7faf0e2c6000-7faf0e2c8000 r--p 00022000 08:10 190762                     /home/ymiyazato/jdk/jdk11u/build/linux-x86_64-normal-server-slowdebug/jdk/lib/libjimage.so
7faf0e2c8000-7faf0e2c9000 rw-p 00024000 08:10 190762                     /home/ymiyazato/jdk/jdk11u/build/linux-x86_64-normal-server-slowdebug/jdk/lib/libjimage.so
7faf0e2c9000-7faf0e2d6000 r--p 00000000 08:10 190745                     /home/ymiyazato/jdk/jdk11u/build/linux-x86_64-normal-server-slowdebug/jdk/lib/libjava.so
7faf0e2d6000-7faf0e2f6000 r-xp 0000d000 08:10 190745                     /home/ymiyazato/jdk/jdk11u/build/linux-x86_64-normal-server-slowdebug/jdk/lib/libjava.so
7faf0e2f6000-7faf0e2fd000 r--p 0002d000 08:10 190745                     /home/ymiyazato/jdk/jdk11u/build/linux-x86_64-normal-server-slowdebug/jdk/lib/libjava.so
7faf0e2fd000-7faf0e2fe000 ---p 00034000 08:10 190745                     /home/ymiyazato/jdk/jdk11u/build/linux-x86_64-normal-server-slowdebug/jdk/lib/libjava.so
7faf0e2fe000-7faf0e2ff000 r--p 00034000 08:10 190745                     /home/ymiyazato/jdk/jdk11u/build/linux-x86_64-normal-server-slowdebug/jdk/lib/libjava.so
7faf0e2ff000-7faf0e300000 rw-p 00035000 08:10 190745                     /home/ymiyazato/jdk/jdk11u/build/linux-x86_64-normal-server-slowdebug/jdk/lib/libjava.so
7faf0e300000-7faf0e301000 rw-p 00000000 00:00 0 
7faf0e301000-7faf0e306000 r--p 00000000 08:10 190725                     /home/ymiyazato/jdk/jdk11u/build/linux-x86_64-normal-server-slowdebug/jdk/lib/libverify.so
7faf0e306000-7faf0e312000 r-xp 00005000 08:10 190725                     /home/ymiyazato/jdk/jdk11u/build/linux-x86_64-normal-server-slowdebug/jdk/lib/libverify.so
7faf0e312000-7faf0e315000 r--p 00011000 08:10 190725                     /home/ymiyazato/jdk/jdk11u/build/linux-x86_64-normal-server-slowdebug/jdk/lib/libverify.so
7faf0e315000-7faf0e317000 r--p 00013000 08:10 190725                     /home/ymiyazato/jdk/jdk11u/build/linux-x86_64-normal-server-slowdebug/jdk/lib/libverify.so
7faf0e317000-7faf0e318000 rw-p 00015000 08:10 190725                     /home/ymiyazato/jdk/jdk11u/build/linux-x86_64-normal-server-slowdebug/jdk/lib/libverify.so
7faf0e318000-7faf0e31b000 r--p 00000000 08:10 12344                      /usr/lib/x86_64-linux-gnu/librt-2.31.so
7faf0e31b000-7faf0e31f000 r-xp 00003000 08:10 12344                      /usr/lib/x86_64-linux-gnu/librt-2.31.so
7faf0e31f000-7faf0e320000 r--p 00007000 08:10 12344                      /usr/lib/x86_64-linux-gnu/librt-2.31.so
7faf0e320000-7faf0e321000 ---p 00008000 08:10 12344                      /usr/lib/x86_64-linux-gnu/librt-2.31.so
7faf0e321000-7faf0e322000 r--p 00008000 08:10 12344                      /usr/lib/x86_64-linux-gnu/librt-2.31.so
7faf0e322000-7faf0e323000 rw-p 00009000 08:10 12344                      /usr/lib/x86_64-linux-gnu/librt-2.31.so
7faf0e323000-7faf0e327000 ---p 00000000 00:00 0 
7faf0e327000-7faf0e424000 rw-p 00000000 00:00 0 
7faf0e424000-7faf0e433000 r--p 00000000 08:10 12208                      /usr/lib/x86_64-linux-gnu/libm-2.31.so
7faf0e433000-7faf0e4da000 r-xp 0000f000 08:10 12208                      /usr/lib/x86_64-linux-gnu/libm-2.31.so
7faf0e4da000-7faf0e571000 r--p 000b6000 08:10 12208                      /usr/lib/x86_64-linux-gnu/libm-2.31.so
7faf0e571000-7faf0e572000 r--p 0014c000 08:10 12208                      /usr/lib/x86_64-linux-gnu/libm-2.31.so
7faf0e572000-7faf0e573000 rw-p 0014d000 08:10 12208                      /usr/lib/x86_64-linux-gnu/libm-2.31.so
7faf0e573000-7faf0e879000 r--p 00000000 08:10 189780                     /home/ymiyazato/jdk/jdk11u/build/linux-x86_64-normal-server-slowdebug/jdk/lib/server/libjvm.so
7faf0e879000-7faf0f9ae000 r-xp 00306000 08:10 189780                     /home/ymiyazato/jdk/jdk11u/build/linux-x86_64-normal-server-slowdebug/jdk/lib/server/libjvm.so
7faf0f9ae000-7faf103c1000 r--p 0143b000 08:10 189780                     /home/ymiyazato/jdk/jdk11u/build/linux-x86_64-normal-server-slowdebug/jdk/lib/server/libjvm.so
7faf103c1000-7faf103c2000 ---p 01e4e000 08:10 189780                     /home/ymiyazato/jdk/jdk11u/build/linux-x86_64-normal-server-slowdebug/jdk/lib/server/libjvm.so
7faf103c2000-7faf104b5000 r--p 01e4e000 08:10 189780                     /home/ymiyazato/jdk/jdk11u/build/linux-x86_64-normal-server-slowdebug/jdk/lib/server/libjvm.so
7faf104b5000-7faf104f3000 rw-p 01f41000 08:10 189780                     /home/ymiyazato/jdk/jdk11u/build/linux-x86_64-normal-server-slowdebug/jdk/lib/server/libjvm.so
7faf104f3000-7faf105a4000 rw-p 00000000 00:00 0 
7faf105a4000-7faf105ab000 r--p 00000000 08:10 12328                      /usr/lib/x86_64-linux-gnu/libpthread-2.31.so
7faf105ab000-7faf105bc000 r-xp 00007000 08:10 12328                      /usr/lib/x86_64-linux-gnu/libpthread-2.31.so
7faf105bc000-7faf105c1000 r--p 00018000 08:10 12328                      /usr/lib/x86_64-linux-gnu/libpthread-2.31.so
7faf105c1000-7faf105c2000 r--p 0001c000 08:10 12328                      /usr/lib/x86_64-linux-gnu/libpthread-2.31.so
7faf105c2000-7faf105c3000 rw-p 0001d000 08:10 12328                      /usr/lib/x86_64-linux-gnu/libpthread-2.31.so
7faf105c3000-7faf105c7000 rw-p 00000000 00:00 0 
7faf105c7000-7faf105c8000 r--p 00000000 08:10 12010                      /usr/lib/x86_64-linux-gnu/libdl-2.31.so
7faf105c8000-7faf105ca000 r-xp 00001000 08:10 12010                      /usr/lib/x86_64-linux-gnu/libdl-2.31.so
7faf105ca000-7faf105cb000 r--p 00003000 08:10 12010                      /usr/lib/x86_64-linux-gnu/libdl-2.31.so
7faf105cb000-7faf105cc000 r--p 00003000 08:10 12010                      /usr/lib/x86_64-linux-gnu/libdl-2.31.so
7faf105cc000-7faf105cd000 rw-p 00004000 08:10 12010                      /usr/lib/x86_64-linux-gnu/libdl-2.31.so
7faf105cd000-7faf105cf000 r--p 00000000 08:10 12504                      /usr/lib/x86_64-linux-gnu/libz.so.1.2.11
7faf105cf000-7faf105e0000 r-xp 00002000 08:10 12504                      /usr/lib/x86_64-linux-gnu/libz.so.1.2.11
7faf105e0000-7faf105e6000 r--p 00013000 08:10 12504                      /usr/lib/x86_64-linux-gnu/libz.so.1.2.11
7faf105e6000-7faf105e7000 ---p 00019000 08:10 12504                      /usr/lib/x86_64-linux-gnu/libz.so.1.2.11
7faf105e7000-7faf105e8000 r--p 00019000 08:10 12504                      /usr/lib/x86_64-linux-gnu/libz.so.1.2.11
7faf105e8000-7faf105e9000 rw-p 0001a000 08:10 12504                      /usr/lib/x86_64-linux-gnu/libz.so.1.2.11
7faf105e9000-7faf1060e000 r--p 00000000 08:10 11971                      /usr/lib/x86_64-linux-gnu/libc-2.31.so
7faf1060e000-7faf10786000 r-xp 00025000 08:10 11971                      /usr/lib/x86_64-linux-gnu/libc-2.31.so
7faf10786000-7faf107d0000 r--p 0019d000 08:10 11971                      /usr/lib/x86_64-linux-gnu/libc-2.31.so
7faf107d0000-7faf107d1000 ---p 001e7000 08:10 11971                      /usr/lib/x86_64-linux-gnu/libc-2.31.so
7faf107d1000-7faf107d4000 r--p 001e7000 08:10 11971                      /usr/lib/x86_64-linux-gnu/libc-2.31.so
7faf107d4000-7faf107d7000 rw-p 001ea000 08:10 11971                      /usr/lib/x86_64-linux-gnu/libc-2.31.so
7faf107d7000-7faf107db000 rw-p 00000000 00:00 0 
7faf107db000-7faf107e3000 rw-s 00000000 08:10 170325                     /tmp/hsperfdata_root/4849
7faf107e3000-7faf107e4000 ---p 00000000 00:00 0 
7faf107e4000-7faf107e5000 r--p 00000000 00:00 0 
7faf107e5000-7faf107e8000 r--p 00000000 08:10 190696                     /home/ymiyazato/jdk/jdk11u/build/linux-x86_64-normal-server-slowdebug/jdk/lib/jli/libjli.so
7faf107e8000-7faf107f6000 r-xp 00003000 08:10 190696                     /home/ymiyazato/jdk/jdk11u/build/linux-x86_64-normal-server-slowdebug/jdk/lib/jli/libjli.so
7faf107f6000-7faf107fa000 r--p 00011000 08:10 190696                     /home/ymiyazato/jdk/jdk11u/build/linux-x86_64-normal-server-slowdebug/jdk/lib/jli/libjli.so
7faf107fa000-7faf107fb000 r--p 00014000 08:10 190696                     /home/ymiyazato/jdk/jdk11u/build/linux-x86_64-normal-server-slowdebug/jdk/lib/jli/libjli.so
7faf107fb000-7faf107fc000 rw-p 00015000 08:10 190696                     /home/ymiyazato/jdk/jdk11u/build/linux-x86_64-normal-server-slowdebug/jdk/lib/jli/libjli.so
7faf107fc000-7faf107fe000 rw-p 00000000 00:00 0 
7faf107fe000-7faf107ff000 r--p 00000000 08:10 11854                      /usr/lib/x86_64-linux-gnu/ld-2.31.so
7faf107ff000-7faf10822000 r-xp 00001000 08:10 11854                      /usr/lib/x86_64-linux-gnu/ld-2.31.so
7faf10822000-7faf1082a000 r--p 00024000 08:10 11854                      /usr/lib/x86_64-linux-gnu/ld-2.31.so
7faf1082a000-7faf1082b000 r--p 00000000 08:10 3024                       /usr/lib/locale/C.UTF-8/LC_IDENTIFICATION
7faf1082b000-7faf1082c000 r--p 0002c000 08:10 11854                      /usr/lib/x86_64-linux-gnu/ld-2.31.so
7faf1082c000-7faf1082d000 rw-p 0002d000 08:10 11854                      /usr/lib/x86_64-linux-gnu/ld-2.31.so
7faf1082d000-7faf1082e000 rw-p 00000000 00:00 0 
7ffcb2fc0000-7ffcb2fe1000 rw-p 00000000 00:00 0                          [stack]
7ffcb2feb000-7ffcb2fee000 r--p 00000000 00:00 0                          [vvar]
7ffcb2fee000-7ffcb2fef000 r-xp 00000000 00:00 0                          [vdso]


VM Arguments:
jvm_args: -Dapplication.home=/home/ymiyazato/jdk/jdk11u/build/linux-x86_64-normal-server-slowdebug/jdk --add-modules=ALL-DEFAULT -Xms8m -Djlink.debug=true -Djdk.module.main=jdk.jlink 
java_command: jdk.jlink/jdk.tools.jlink.internal.Main --module-path /home/ymiyazato/jdk/jdk11u/build/linux-x86_64-normal-server-slowdebug/support/interim-jmods --endian little --output /home/ymiyazato/jdk/jdk11u/build/linux-x86_64-normal-server-slowdebug/support/interim-image --disable-plugin generate-jli-classes --add-modules java.base,java.logging
java_class_path (initial): <not set>
Launcher Type: SUN_STANDARD

[Global flags]
     intx CICompilerCount                          = 15                                        {product} {ergonomic}     Number of compiler threads to run
     uint ConcGCThreads                            = 6                                         {product} {ergonomic}     Number of threads concurrent gc will use
     uint G1ConcRefinementThreads                  = 23                                        {product} {ergonomic}     The number of parallel rem set update threads. Will be set ergonomically by default.
   size_t G1HeapRegionSize                         = 1048576                                   {product} {ergonomic}     Size of the G1 regions.
    uintx GCDrainStackTargetSize                   = 64                                        {product} {ergonomic}     Number of entries we will try to leave on the stack during parallel gc
   size_t InitialHeapSize                          = 8388608                                   {product} {command line}  Initial heap size (in bytes); zero means use ergonomics
   size_t MarkStackSize                            = 4194304                                   {product} {ergonomic}     Size of marking stack
   size_t MaxHeapSize                              = 6710886400                                {product} {ergonomic}     Maximum heap size (in bytes)
   size_t MaxNewSize                               = 4026531840                                {product} {ergonomic}     Maximum new generation size (in bytes), max_uintx means set ergonomically
   size_t MinHeapDeltaBytes                        = 1048576                                   {product} {ergonomic}     The minimum change in heap space due to GC (in bytes)
    uintx NonNMethodCodeHeapSize                   = 8182140                                {pd product} {ergonomic}     Size of code heap with non-nmethods (in bytes)
    uintx NonProfiledCodeHeapSize                  = 121738050                              {pd product} {ergonomic}     Size of code heap with non-profiled methods (in bytes)
    uintx ProfiledCodeHeapSize                     = 121738050                              {pd product} {ergonomic}     Size of code heap with profiled methods (in bytes)
    uintx ReservedCodeCacheSize                    = 251658240                              {pd product} {ergonomic}     Reserved code cache size (in bytes) - maximum code cache size
     bool SegmentedCodeCache                       = true                                      {product} {ergonomic}     Use a segmented code cache
     bool UseCompressedClassPointers               = true                                 {lp64_product} {ergonomic}     Use 32-bit class pointers in 64-bit VM. lp64_product means flag is always constant in 32 bit VM
     bool UseCompressedOops                        = true                                 {lp64_product} {ergonomic}     Use 32-bit object references in 64-bit VM. lp64_product means flag is always constant in 32 bit VM
     bool UseG1GC                                  = true                                      {product} {ergonomic}     Use the Garbage-First garbage collector

Logging:
Log output configuration:
 #0: stdout all=warning uptime,level,tags
 #1: stderr all=off uptime,level,tags

Environment Variables:
PATH=/usr/local/sbin:/usr/local/bin:/usr/sbin:/usr/bin:/sbin:/bin:/snap/bin
SHELL=/bin/bash
LANG=C.UTF-8

Signal Handlers:
SIGSEGV: [libjvm.so+0x1355013], sa_mask[0]=11111111011111111101111111111110, sa_flags=SA_RESTART|SA_SIGINFO
SIGBUS: [libjvm.so+0x1355013], sa_mask[0]=11111111011111111101111111111110, sa_flags=SA_RESTART|SA_SIGINFO
SIGFPE: [libjvm.so+0x1355013], sa_mask[0]=11111111011111111101111111111110, sa_flags=SA_RESTART|SA_SIGINFO
SIGPIPE: [libjvm.so+0x10c2a22], sa_mask[0]=11111111011111111101111111111110, sa_flags=SA_RESTART|SA_SIGINFO
SIGXFSZ: [libjvm.so+0x10c2a22], sa_mask[0]=11111111011111111101111111111110, sa_flags=SA_RESTART|SA_SIGINFO
SIGILL: [libjvm.so+0x1355013], sa_mask[0]=11111111011111111101111111111110, sa_flags=SA_RESTART|SA_SIGINFO
SIGUSR2: [libjvm.so+0x10c2135], sa_mask[0]=00000000000000000000000000000000, sa_flags=SA_RESTART|SA_SIGINFO
SIGHUP: [libjvm.so+0x10bd7ca], sa_mask[0]=11111111011111111101111111111110, sa_flags=SA_RESTART|SA_SIGINFO
SIGINT: [libjvm.so+0x10bd7ca], sa_mask[0]=11111111011111111101111111111110, sa_flags=SA_RESTART|SA_SIGINFO
SIGTERM: [libjvm.so+0x10bd7ca], sa_mask[0]=11111111011111111101111111111110, sa_flags=SA_RESTART|SA_SIGINFO
SIGQUIT: [libjvm.so+0x10bd7ca], sa_mask[0]=11111111011111111101111111111110, sa_flags=SA_RESTART|SA_SIGINFO


---------------  S Y S T E M  ---------------

OS:DISTRIB_ID=Ubuntu
DISTRIB_RELEASE=20.04
DISTRIB_CODENAME=focal
DISTRIB_DESCRIPTION="Ubuntu 20.04.2 LTS"
uname:Linux DESKTOP-MRTG1KP 5.4.72-microsoft-standard-WSL2 #1 SMP Wed Oct 28 23:40:43 UTC 2020 x86_64
OS uptime: 2 days 16:26 hours
libc:glibc 2.31 NPTL 2.31 
rlimit (soft/hard): STACK 8192k/infinity , CORE 0k/infinity , NPROC 102381/102381 , NOFILE 4096/4096 , AS infinity/infinity , CPU infinity/infinity , DATA infinity/infinity , FSIZE infinity/infinity , MEMLOCK 64k/64k
load average:7.95 3.83 1.47

/proc/meminfo:
MemTotal:       26214396 kB
MemFree:        13458884 kB
MemAvailable:   19957156 kB
Buffers:          529972 kB
Cached:          5971544 kB
SwapCached:            0 kB
Active:          9855560 kB
Inactive:        2159188 kB
Active(anon):    5513324 kB
Inactive(anon):        8 kB
Active(file):    4342236 kB
Inactive(file):  2159180 kB
Unevictable:           0 kB
Mlocked:               0 kB
SwapTotal:       7340032 kB
SwapFree:        7340032 kB
Dirty:            849884 kB
Writeback:             0 kB
AnonPages:       5507268 kB
Mapped:           133952 kB
Shmem:                72 kB
KReclaimable:     406144 kB
Slab:             482756 kB
SReclaimable:     406144 kB
SUnreclaim:        76612 kB
KernelStack:        8640 kB
PageTables:        19360 kB
NFS_Unstable:          0 kB
Bounce:                0 kB
WritebackTmp:          0 kB
CommitLimit:    20447228 kB
Committed_AS:    1758872 kB
VmallocTotal:   34359738367 kB
VmallocUsed:       30340 kB
VmallocChunk:          0 kB
Percpu:             9344 kB
AnonHugePages:    335872 kB
ShmemHugePages:        0 kB
ShmemPmdMapped:        0 kB
FileHugePages:         0 kB
FilePmdMapped:         0 kB
HugePages_Total:       0
HugePages_Free:        0
HugePages_Rsvd:        0
HugePages_Surp:        0
Hugepagesize:       2048 kB
Hugetlb:               0 kB
DirectMap4k:       13312 kB
DirectMap2M:     3700736 kB
DirectMap1G:    23068672 kB

/sys/kernel/mm/transparent_hugepage/enabled:
always [madvise] never
/sys/kernel/mm/transparent_hugepage/defrag (defrag/compaction efforts parameter):
always defer defer+madvise [madvise] never

Process Memory:
Virtual Size: 9376592K (peak: 9376592K)
Resident Set Size: 114076K (peak: 114076K) (anon: 86644K, file: 27432K, shmem: 0K)
Swapped out: 0K
C-Heap outstanding allocations: 6244K

/proc/sys/kernel/threads-max (system-wide limit on the number of threads):
204763
/proc/sys/vm/max_map_count (maximum number of memory map areas a process may have):
65530
/proc/sys/kernel/pid_max (system-wide limit on number of process identifiers):
32768

container (cgroup) information:
container_type: cgroupv1
cpu_cpuset_cpus: 0-31
cpu_memory_nodes: 0
active_processor_count: 32
cpu_quota: -1
cpu_period: 100000
cpu_shares: -1
memory_limit_in_bytes: -1
memory_and_swap_limit_in_bytes: -1
memory_soft_limit_in_bytes: -1
memory_usage_in_bytes: 12303499264
memory_max_usage_in_bytes: 42619215872

Hyper-V virtualization detected
Steal ticks since vm start: 0
Steal ticks percentage since vm start:  0.000

CPU:total 32 (initial active 32) (32 cores per cpu, 2 threads per core) family 23 model 113 stepping 0 microcode 0xffffffff, cmov, cx8, fxsr, mmx, sse, sse2, sse3, ssse3, sse4.1, sse4.2, popcnt, avx, avx2, aes, clmul, mmxext, 3dnowpref, lzcnt, sse4a, ht, tsc, bmi1, bmi2, adx, sha, fma
CPU Model and flags from /proc/cpuinfo:
model name	: AMD Ryzen 9 3950X 16-Core Processor
flags		: fpu vme de pse tsc msr pae mce cx8 apic sep mtrr pge mca cmov pat pse36 clflush mmx fxsr sse sse2 ht syscall nx mmxext fxsr_opt pdpe1gb rdtscp lm rep_good nopl cpuid extd_apicid pni pclmulqdq ssse3 fma cx16 sse4_1 sse4_2 movbe popcnt aes xsave avx f16c rdrand hypervisor lahf_lm cmp_legacy cr8_legacy abm sse4a misalignsse 3dnowprefetch osvw topoext ssbd ibpb stibp vmmcall fsgsbase bmi1 avx2 smep bmi2 rdseed adx smap clflushopt clwb sha_ni xsaveopt xsavec xgetbv1 xsaves clzero xsaveerptr virt_ssbd arat umip rdpid
Online cpus:
0-31
Offline cpus:

cache level:
1
cache type:
Data
cache size:
32K
cache coherency line size:
64
cache level:
1
cache type:
Instruction
cache size:
32K
cache coherency line size:
64
cache level:
2
cache type:
Unified
cache size:
512K
cache coherency line size:
64
cache level:
3
cache type:
Unified
cache size:
16384K
cache coherency line size:
64
BIOS frequency limitation:
<Not Available>
Frequency switch latency (ns):
<Not Available>
Available cpu frequencies:
<Not Available>
Maximum cpu frequency:
<Not Available>
Minimum cpu frequency:
<Not Available>
Current cpu frequency:
<Not Available>
Available governors:
<Not Available>
Current governor:
<Not Available>
Core performance/turbo boost:
<Not Available>

Memory: 4k page, physical 26214396k(13458380k free), swap 7340032k(7340032k free)

vm_info: OpenJDK 64-Bit Server VM (slowdebug 11.0.12-internal+0-adhoc.ymiyazato.jdk11u) for linux-amd64 JRE (11.0.12-internal+0-adhoc.ymiyazato.jdk11u), built on Feb 10 2022 01:16:19 by "ymiyazato" with gcc 9.3.0

END.
